Running 1m test @ http://localhost:8080
  4 threads and 4 connections
  Thread calibration: mean lat.: 1.031ms, rate sampling interval: 10ms
  Thread calibration: mean lat.: 0.990ms, rate sampling interval: 10ms
  Thread calibration: mean lat.: 1.061ms, rate sampling interval: 10ms
  Thread calibration: mean lat.: 1.002ms, rate sampling interval: 10ms
  Thread Stats   Avg      Stdev     Max   +/- Stdev
    Latency     0.97ms  778.29us  53.70ms   99.54%
    Req/Sec   263.62     48.53     1.00k    76.48%
  Latency Distribution (HdrHistogram - Recorded Latency)
 50.000%    0.95ms
 75.000%    1.20ms
 90.000%    1.35ms
 99.000%    1.49ms
 99.900%    9.70ms
 99.990%   38.37ms
 99.999%   53.73ms
100.000%   53.73ms

  Detailed Percentile spectrum:
       Value   Percentile   TotalCount 1/(1-Percentile)

       0.332     0.000000            1         1.00
       0.542     0.100000         5030         1.11
       0.644     0.200000        10039         1.25
       0.745     0.300000        15019         1.43
       0.844     0.400000        20006         1.67
       0.946     0.500000        25035         2.00
       0.998     0.550000        27515         2.22
       1.050     0.600000        30041         2.50
       1.100     0.650000        32509         2.86
       1.151     0.700000        35023         3.33
       1.202     0.750000        37515         4.00
       1.228     0.775000        38755         4.44
       1.253     0.800000        40032         5.00
       1.279     0.825000        41255         5.71
       1.304     0.850000        42506         6.67
       1.330     0.875000        43753         8.00
       1.342     0.887500        44371         8.89
       1.354     0.900000        45023        10.00
       1.367     0.912500        45646        11.43
       1.378     0.925000        46248        13.33
       1.391     0.937500        46896        16.00
       1.397     0.943750        47185        17.78
       1.405     0.950000        47527        20.00
       1.412     0.956250        47823        22.86
       1.421     0.962500        48165        26.67
       1.430     0.968750        48451        32.00
       1.435     0.971875        48601        35.56
       1.441     0.975000        48759        40.00
       1.448     0.978125        48928        45.71
       1.455     0.981250        49079        53.33
       1.463     0.984375        49217        64.00
       1.470     0.985938        49301        71.11
       1.477     0.987500        49376        80.00
       1.486     0.989062        49463        91.43
       1.494     0.990625        49530       106.67
       1.506     0.992188        49606       128.00
       1.519     0.992969        49646       142.22
       1.535     0.993750        49683       160.00
       1.577     0.994531        49722       182.86
       1.739     0.995313        49761       213.33
       1.921     0.996094        49801       256.00
       2.097     0.996484        49820       284.44
       2.307     0.996875        49839       320.00
       2.529     0.997266        49859       365.71
       2.995     0.997656        49878       426.67
       3.753     0.998047        49898       512.00
       4.247     0.998242        49908       568.89
       4.715     0.998437        49917       640.00
       6.119     0.998633        49927       731.43
       8.351     0.998828        49937       853.33
       9.919     0.999023        49947      1024.00
      10.511     0.999121        49952      1137.78
      11.727     0.999219        49956      1280.00
      13.127     0.999316        49961      1462.86
      14.399     0.999414        49966      1706.67
      16.175     0.999512        49971      2048.00
      16.959     0.999561        49974      2275.56
      18.575     0.999609        49976      2560.00
      20.351     0.999658        49978      2925.71
      22.191     0.999707        49981      3413.33
      23.663     0.999756        49983      4096.00
      24.559     0.999780        49985      4551.11
      25.727     0.999805        49986      5120.00
      28.191     0.999829        49987      5851.43
      31.855     0.999854        49988      6826.67
      35.551     0.999878        49989      8192.00
      38.367     0.999890        49990      9102.22
      39.263     0.999902        49991     10240.00
      39.263     0.999915        49991     11702.86
      42.879     0.999927        49992     13653.33
      42.879     0.999939        49992     16384.00
      46.527     0.999945        49993     18204.44
      46.527     0.999951        49993     20480.00
      46.527     0.999957        49993     23405.71
      50.175     0.999963        49994     27306.67
      50.175     0.999969        49994     32768.00
      50.175     0.999973        49994     36408.89
      50.175     0.999976        49994     40960.00
      50.175     0.999979        49994     46811.43
      53.727     0.999982        49995     54613.33
      53.727     1.000000        49995          inf
#[Mean    =        0.973, StdDeviation   =        0.778]
#[Max     =       53.696, Total count    =        49995]
#[Buckets =           27, SubBuckets     =         2048]
----------------------------------------------------------
  60004 requests in 1.00m, 3.79MB read
Requests/sec:   1000.03
Transfer/sec:     64.71KB
