Running 1m test @ http://localhost:8081
  4 threads and 4 connections
  Thread calibration: mean lat.: 0.990ms, rate sampling interval: 10ms
  Thread calibration: mean lat.: 0.964ms, rate sampling interval: 10ms
  Thread calibration: mean lat.: 0.955ms, rate sampling interval: 10ms
  Thread calibration: mean lat.: 0.953ms, rate sampling interval: 10ms
  Thread Stats   Avg      Stdev     Max   +/- Stdev
    Latency     0.95ms  535.08us  45.15ms   98.42%
    Req/Sec   263.83     48.74     1.20k    73.74%
  Latency Distribution (HdrHistogram - Recorded Latency)
 50.000%    0.95ms
 75.000%    1.20ms
 90.000%    1.35ms
 99.000%    1.49ms
 99.900%    2.82ms
 99.990%   27.01ms
 99.999%   45.18ms
100.000%   45.18ms

  Detailed Percentile spectrum:
       Value   Percentile   TotalCount 1/(1-Percentile)

       0.321     0.000000            1         1.00
       0.540     0.100000         5048         1.11
       0.638     0.200000        10009         1.25
       0.740     0.300000        15000         1.43
       0.843     0.400000        20043         1.67
       0.950     0.500000        25046         2.00
       1.000     0.550000        27506         2.22
       1.047     0.600000        30035         2.50
       1.094     0.650000        32539         2.86
       1.145     0.700000        35011         3.33
       1.195     0.750000        37542         4.00
       1.217     0.775000        38760         4.44
       1.241     0.800000        40003         5.00
       1.267     0.825000        41252         5.71
       1.292     0.850000        42504         6.67
       1.318     0.875000        43753         8.00
       1.331     0.887500        44393         8.89
       1.346     0.900000        45040        10.00
       1.358     0.912500        45633        11.43
       1.371     0.925000        46250        13.33
       1.385     0.937500        46888        16.00
       1.392     0.943750        47196        17.78
       1.399     0.950000        47539        20.00
       1.407     0.956250        47839        22.86
       1.415     0.962500        48137        26.67
       1.426     0.968750        48459        32.00
       1.431     0.971875        48593        35.56
       1.438     0.975000        48763        40.00
       1.445     0.978125        48906        45.71
       1.453     0.981250        49067        53.33
       1.462     0.984375        49220        64.00
       1.468     0.985938        49293        71.11
       1.475     0.987500        49376        80.00
       1.482     0.989062        49455        91.43
       1.490     0.990625        49534       106.67
       1.500     0.992188        49604       128.00
       1.508     0.992969        49643       142.22
       1.521     0.993750        49682       160.00
       1.537     0.994531        49720       182.86
       1.575     0.995313        49759       213.33
       1.669     0.996094        49798       256.00
       1.741     0.996484        49818       284.44
       1.820     0.996875        49837       320.00
       1.927     0.997266        49857       365.71
       1.994     0.997656        49876       426.67
       2.163     0.998047        49896       512.00
       2.231     0.998242        49906       568.89
       2.331     0.998437        49915       640.00
       2.553     0.998633        49925       731.43
       2.717     0.998828        49935       853.33
       2.857     0.999023        49945      1024.00
       3.015     0.999121        49950      1137.78
       3.063     0.999219        49954      1280.00
       3.205     0.999316        49959      1462.86
       3.821     0.999414        49964      1706.67
       4.979     0.999512        49969      2048.00
       5.887     0.999561        49972      2275.56
       6.323     0.999609        49974      2560.00
       6.759     0.999658        49976      2925.71
       8.655     0.999707        49979      3413.33
      10.943     0.999756        49981      4096.00
      12.503     0.999780        49983      4551.11
      14.111     0.999805        49984      5120.00
      15.999     0.999829        49985      5851.43
      19.679     0.999854        49986      6826.67
      23.343     0.999878        49987      8192.00
      27.007     0.999890        49988      9102.22
      30.655     0.999902        49989     10240.00
      30.655     0.999915        49989     11702.86
      34.335     0.999927        49990     13653.33
      34.335     0.999939        49990     16384.00
      37.951     0.999945        49991     18204.44
      37.951     0.999951        49991     20480.00
      37.951     0.999957        49991     23405.71
      41.567     0.999963        49992     27306.67
      41.567     0.999969        49992     32768.00
      41.567     0.999973        49992     36408.89
      41.567     0.999976        49992     40960.00
      41.567     0.999979        49992     46811.43
      45.183     0.999982        49993     54613.33
      45.183     1.000000        49993          inf
#[Mean    =        0.954, StdDeviation   =        0.535]
#[Max     =       45.152, Total count    =        49993]
#[Buckets =           27, SubBuckets     =         2048]
----------------------------------------------------------
  60004 requests in 1.00m, 3.79MB read
Requests/sec:   1000.04
Transfer/sec:     64.71KB
