Running 1m test @ http://localhost:8082
  4 threads and 4 connections
  Thread calibration: mean lat.: 0.959ms, rate sampling interval: 10ms
  Thread calibration: mean lat.: 0.975ms, rate sampling interval: 10ms
  Thread calibration: mean lat.: 0.957ms, rate sampling interval: 10ms
  Thread calibration: mean lat.: 0.954ms, rate sampling interval: 10ms
  Thread Stats   Avg      Stdev     Max   +/- Stdev
    Latency     0.99ms    1.30ms  68.67ms   99.66%
    Req/Sec   263.83     50.33     1.80k    73.64%
  Latency Distribution (HdrHistogram - Recorded Latency)
 50.000%    0.95ms
 75.000%    1.20ms
 90.000%    1.35ms
 99.000%    1.50ms
 99.900%   11.91ms
 99.990%   61.09ms
 99.999%   68.74ms
100.000%   68.74ms

  Detailed Percentile spectrum:
       Value   Percentile   TotalCount 1/(1-Percentile)

       0.365     0.000000            1         1.00
       0.543     0.100000         5040         1.11
       0.643     0.200000        10005         1.25
       0.745     0.300000        15002         1.43
       0.851     0.400000        20026         1.67
       0.952     0.500000        25034         2.00
       1.002     0.550000        27507         2.22
       1.050     0.600000        30005         2.50
       1.102     0.650000        32532         2.86
       1.149     0.700000        35010         3.33
       1.200     0.750000        37534         4.00
       1.225     0.775000        38755         4.44
       1.251     0.800000        40011         5.00
       1.278     0.825000        41282         5.71
       1.303     0.850000        42498         6.67
       1.329     0.875000        43764         8.00
       1.341     0.887500        44400         8.89
       1.353     0.900000        45001        10.00
       1.367     0.912500        45637        11.43
       1.379     0.925000        46257        13.33
       1.392     0.937500        46884        16.00
       1.398     0.943750        47187        17.78
       1.405     0.950000        47525        20.00
       1.412     0.956250        47809        22.86
       1.421     0.962500        48131        26.67
       1.431     0.968750        48442        32.00
       1.436     0.971875        48587        35.56
       1.444     0.975000        48762        40.00
       1.451     0.978125        48912        45.71
       1.460     0.981250        49070        53.33
       1.470     0.984375        49218        64.00
       1.476     0.985938        49295        71.11
       1.483     0.987500        49372        80.00
       1.492     0.989062        49449        91.43
       1.503     0.990625        49526       106.67
       1.523     0.992188        49603       128.00
       1.546     0.992969        49642       142.22
       1.596     0.993750        49682       160.00
       1.712     0.994531        49720       182.86
       1.873     0.995313        49759       213.33
       2.127     0.996094        49798       256.00
       2.223     0.996484        49818       284.44
       2.421     0.996875        49837       320.00
       2.669     0.997266        49858       365.71
       3.215     0.997656        49876       426.67
       4.679     0.998047        49896       512.00
       6.367     0.998242        49906       568.89
       7.083     0.998437        49915       640.00
       8.527     0.998633        49925       731.43
      10.271     0.998828        49935       853.33
      12.551     0.999023        49945      1024.00
      13.943     0.999121        49950      1137.78
      16.927     0.999219        49954      1280.00
      23.599     0.999316        49959      1462.86
      29.343     0.999414        49964      1706.67
      35.647     0.999512        49969      2048.00
      39.263     0.999561        49972      2275.56
      42.911     0.999609        49974      2560.00
      44.799     0.999658        49976      2925.71
      48.991     0.999707        49979      3413.33
      51.583     0.999756        49981      4096.00
      53.887     0.999780        49983      4551.11
      54.719     0.999805        49984      5120.00
      57.279     0.999829        49985      5851.43
      57.503     0.999854        49986      6826.67
      58.879     0.999878        49987      8192.00
      61.087     0.999890        49988      9102.22
      61.439     0.999902        49989     10240.00
      61.439     0.999915        49989     11702.86
      63.007     0.999927        49990     13653.33
      63.007     0.999939        49990     16384.00
      65.599     0.999945        49991     18204.44
      65.599     0.999951        49991     20480.00
      65.599     0.999957        49991     23405.71
      67.199     0.999963        49992     27306.67
      67.199     0.999969        49992     32768.00
      67.199     0.999973        49992     36408.89
      67.199     0.999976        49992     40960.00
      67.199     0.999979        49992     46811.43
      68.735     0.999982        49993     54613.33
      68.735     1.000000        49993          inf
#[Mean    =        0.994, StdDeviation   =        1.304]
#[Max     =       68.672, Total count    =        49993]
#[Buckets =           27, SubBuckets     =         2048]
----------------------------------------------------------
  60004 requests in 1.00m, 3.79MB read
Requests/sec:   1000.04
Transfer/sec:     64.71KB
