Running 1m test @ http://localhost:8081
  4 threads and 4 connections
  Thread calibration: mean lat.: 0.972ms, rate sampling interval: 10ms
  Thread calibration: mean lat.: 0.965ms, rate sampling interval: 10ms
  Thread calibration: mean lat.: 0.942ms, rate sampling interval: 10ms
  Thread calibration: mean lat.: 0.945ms, rate sampling interval: 10ms
  Thread Stats   Avg      Stdev     Max   +/- Stdev
    Latency     0.96ms  562.20us  20.26ms   98.61%
    Req/Sec   263.76     49.42   800.00     75.27%
  Latency Distribution (HdrHistogram - Recorded Latency)
 50.000%    0.94ms
 75.000%    1.19ms
 90.000%    1.34ms
 99.000%    1.51ms
 99.900%    8.34ms
 99.990%   19.04ms
 99.999%   20.27ms
100.000%   20.27ms

  Detailed Percentile spectrum:
       Value   Percentile   TotalCount 1/(1-Percentile)

       0.288     0.000000            1         1.00
       0.531     0.100000         5005         1.11
       0.631     0.200000        10030         1.25
       0.733     0.300000        15042         1.43
       0.835     0.400000        20013         1.67
       0.940     0.500000        25007         2.00
       0.993     0.550000        27528         2.22
       1.040     0.600000        30018         2.50
       1.087     0.650000        32514         2.86
       1.135     0.700000        35028         3.33
       1.187     0.750000        37556         4.00
       1.210     0.775000        38763         4.44
       1.235     0.800000        39999         5.00
       1.262     0.825000        41294         5.71
       1.288     0.850000        42547         6.67
       1.312     0.875000        43749         8.00
       1.325     0.887500        44372         8.89
       1.339     0.900000        45019        10.00
       1.352     0.912500        45633        11.43
       1.365     0.925000        46289        13.33
       1.378     0.937500        46900        16.00
       1.384     0.943750        47192        17.78
       1.392     0.950000        47515        20.00
       1.400     0.956250        47814        22.86
       1.410     0.962500        48124        26.67
       1.421     0.968750        48454        32.00
       1.427     0.971875        48591        35.56
       1.434     0.975000        48756        40.00
       1.443     0.978125        48910        45.71
       1.454     0.981250        49061        53.33
       1.466     0.984375        49222        64.00
       1.475     0.985938        49296        71.11
       1.485     0.987500        49370        80.00
       1.502     0.989062        49454        91.43
       1.526     0.990625        49530       106.67
       1.592     0.992188        49604       128.00
       1.685     0.992969        49643       142.22
       1.855     0.993750        49682       160.00
       2.075     0.994531        49721       182.86
       2.527     0.995313        49761       213.33
       2.933     0.996094        49799       256.00
       3.267     0.996484        49819       284.44
       4.059     0.996875        49838       320.00
       4.555     0.997266        49859       365.71
       4.819     0.997656        49877       426.67
       5.163     0.998047        49897       512.00
       5.511     0.998242        49907       568.89
       6.011     0.998437        49916       640.00
       6.411     0.998633        49926       731.43
       7.971     0.998828        49936       853.33
       8.407     0.999023        49946      1024.00
       8.743     0.999121        49951      1137.78
      10.031     0.999219        49955      1280.00
      11.839     0.999316        49960      1462.86
      12.063     0.999414        49965      1706.67
      13.647     0.999512        49970      2048.00
      14.855     0.999561        49973      2275.56
      15.439     0.999609        49975      2560.00
      15.551     0.999658        49977      2925.71
      15.639     0.999707        49980      3413.33
      15.951     0.999756        49982      4096.00
      16.167     0.999780        49984      4551.11
      16.719     0.999805        49985      5120.00
      18.271     0.999829        49986      5851.43
      18.687     0.999854        49987      6826.67
      18.831     0.999878        49988      8192.00
      19.039     0.999890        49989      9102.22
      19.135     0.999902        49990     10240.00
      19.135     0.999915        49990     11702.86
      19.263     0.999927        49991     13653.33
      19.263     0.999939        49991     16384.00
      19.535     0.999945        49992     18204.44
      19.535     0.999951        49992     20480.00
      19.535     0.999957        49992     23405.71
      19.807     0.999963        49993     27306.67
      19.807     0.999969        49993     32768.00
      19.807     0.999973        49993     36408.89
      19.807     0.999976        49993     40960.00
      19.807     0.999979        49993     46811.43
      20.271     0.999982        49994     54613.33
      20.271     1.000000        49994          inf
#[Mean    =        0.961, StdDeviation   =        0.562]
#[Max     =       20.256, Total count    =        49994]
#[Buckets =           27, SubBuckets     =         2048]
----------------------------------------------------------
  60004 requests in 1.00m, 3.83MB read
Requests/sec:   1000.04
Transfer/sec:     65.43KB
