Running 1m test @ http://localhost:8080
  4 threads and 4 connections
  Thread calibration: mean lat.: 0.951ms, rate sampling interval: 10ms
  Thread calibration: mean lat.: 0.952ms, rate sampling interval: 10ms
  Thread calibration: mean lat.: 0.952ms, rate sampling interval: 10ms
  Thread calibration: mean lat.: 0.950ms, rate sampling interval: 10ms
  Thread Stats   Avg      Stdev     Max   +/- Stdev
    Latency     1.03ms    1.52ms  65.34ms   99.52%
    Req/Sec   263.09     54.61     2.00k    67.70%
  Latency Distribution (HdrHistogram - Recorded Latency)
 50.000%    0.96ms
 75.000%    1.22ms
 90.000%    1.37ms
 99.000%    1.52ms
 99.900%   26.22ms
 99.990%   58.88ms
 99.999%   65.38ms
100.000%   65.38ms

  Detailed Percentile spectrum:
       Value   Percentile   TotalCount 1/(1-Percentile)

       0.339     0.000000            1         1.00
       0.556     0.100000         5022         1.11
       0.655     0.200000        10045         1.25
       0.758     0.300000        15006         1.43
       0.861     0.400000        20027         1.67
       0.963     0.500000        25012         2.00
       1.014     0.550000        27516         2.22
       1.066     0.600000        30043         2.50
       1.114     0.650000        32549         2.86
       1.163     0.700000        35018         3.33
       1.215     0.750000        37523         4.00
       1.240     0.775000        38770         4.44
       1.266     0.800000        40038         5.00
       1.293     0.825000        41254         5.71
       1.320     0.850000        42529         6.67
       1.345     0.875000        43763         8.00
       1.358     0.887500        44390         8.89
       1.370     0.900000        45014        10.00
       1.382     0.912500        45628        11.43
       1.394     0.925000        46247        13.33
       1.407     0.937500        46876        16.00
       1.414     0.943750        47190        17.78
       1.423     0.950000        47522        20.00
       1.431     0.956250        47829        22.86
       1.440     0.962500        48125        26.67
       1.450     0.968750        48449        32.00
       1.456     0.971875        48610        35.56
       1.462     0.975000        48760        40.00
       1.470     0.978125        48909        45.71
       1.479     0.981250        49057        53.33
       1.490     0.984375        49220        64.00
       1.497     0.985938        49299        71.11
       1.506     0.987500        49374        80.00
       1.516     0.989062        49448        91.43
       1.531     0.990625        49527       106.67
       1.567     0.992188        49605       128.00
       1.612     0.992969        49643       142.22
       1.741     0.993750        49682       160.00
       2.005     0.994531        49721       182.86
       2.693     0.995313        49760       213.33
       3.519     0.996094        49799       256.00
       3.997     0.996484        49819       284.44
       4.439     0.996875        49838       320.00
       5.243     0.997266        49858       365.71
       7.943     0.997656        49877       426.67
      11.711     0.998047        49897       512.00
      13.935     0.998242        49907       568.89
      15.743     0.998437        49916       640.00
      18.063     0.998633        49926       731.43
      22.095     0.998828        49936       853.33
      27.119     0.999023        49946      1024.00
      30.335     0.999121        49952      1137.78
      32.351     0.999219        49955      1280.00
      34.399     0.999316        49960      1462.86
      37.503     0.999414        49965      1706.67
      41.087     0.999512        49970      2048.00
      44.031     0.999561        49973      2275.56
      46.623     0.999609        49975      2560.00
      48.127     0.999658        49977      2925.71
      51.103     0.999707        49980      3413.33
      52.255     0.999756        49982      4096.00
      54.783     0.999780        49984      4551.11
      55.231     0.999805        49985      5120.00
      56.319     0.999829        49986      5851.43
      58.207     0.999854        49987      6826.67
      58.847     0.999878        49988      8192.00
      58.879     0.999890        49989      9102.22
      60.415     0.999902        49990     10240.00
      60.415     0.999915        49990     11702.86
      61.759     0.999927        49991     13653.33
      61.759     0.999939        49991     16384.00
      61.983     0.999945        49992     18204.44
      61.983     0.999951        49992     20480.00
      61.983     0.999957        49992     23405.71
      62.431     0.999963        49993     27306.67
      62.431     0.999969        49993     32768.00
      62.431     0.999973        49993     36408.89
      62.431     0.999976        49993     40960.00
      62.431     0.999979        49993     46811.43
      65.375     0.999982        49994     54613.33
      65.375     1.000000        49994          inf
#[Mean    =        1.030, StdDeviation   =        1.523]
#[Max     =       65.344, Total count    =        49994]
#[Buckets =           27, SubBuckets     =         2048]
----------------------------------------------------------
  60004 requests in 1.00m, 3.83MB read
Requests/sec:   1000.05
Transfer/sec:     65.43KB
