Running 1m test @ http://localhost:8082
  4 threads and 4 connections
  Thread calibration: mean lat.: 0.948ms, rate sampling interval: 10ms
  Thread calibration: mean lat.: 0.937ms, rate sampling interval: 10ms
  Thread calibration: mean lat.: 0.943ms, rate sampling interval: 10ms
  Thread calibration: mean lat.: 0.933ms, rate sampling interval: 10ms
  Thread Stats   Avg      Stdev     Max   +/- Stdev
    Latency     0.95ms  380.94us  14.27ms   75.69%
    Req/Sec   263.49     47.45   555.00     76.97%
  Latency Distribution (HdrHistogram - Recorded Latency)
 50.000%    0.94ms
 75.000%    1.19ms
 90.000%    1.35ms
 99.000%    1.49ms
 99.900%    5.24ms
 99.990%    9.95ms
 99.999%   14.28ms
100.000%   14.28ms

  Detailed Percentile spectrum:
       Value   Percentile   TotalCount 1/(1-Percentile)

       0.364     0.000000            2         1.00
       0.539     0.100000         5023         1.11
       0.637     0.200000        10004         1.25
       0.740     0.300000        15038         1.43
       0.842     0.400000        20030         1.67
       0.945     0.500000        25001         2.00
       0.994     0.550000        27519         2.22
       1.043     0.600000        30018         2.50
       1.095     0.650000        32522         2.86
       1.142     0.700000        34997         3.33
       1.192     0.750000        37516         4.00
       1.218     0.775000        38761         4.44
       1.243     0.800000        40012         5.00
       1.270     0.825000        41251         5.71
       1.296     0.850000        42521         6.67
       1.321     0.875000        43776         8.00
       1.334     0.887500        44417         8.89
       1.347     0.900000        45032        10.00
       1.358     0.912500        45635        11.43
       1.371     0.925000        46273        13.33
       1.383     0.937500        46886        16.00
       1.390     0.943750        47204        17.78
       1.397     0.950000        47512        20.00
       1.404     0.956250        47815        22.86
       1.414     0.962500        48150        26.67
       1.424     0.968750        48451        32.00
       1.430     0.971875        48592        35.56
       1.438     0.975000        48759        40.00
       1.445     0.978125        48917        45.71
       1.454     0.981250        49064        53.33
       1.463     0.984375        49211        64.00
       1.470     0.985938        49298        71.11
       1.477     0.987500        49374        80.00
       1.484     0.989062        49458        91.43
       1.495     0.990625        49526       106.67
       1.510     0.992188        49601       128.00
       1.528     0.992969        49640       142.22
       1.562     0.993750        49682       160.00
       1.620     0.994531        49718       182.86
       1.760     0.995313        49757       213.33
       1.945     0.996094        49796       256.00
       2.077     0.996484        49816       284.44
       2.249     0.996875        49835       320.00
       2.527     0.997266        49855       365.71
       2.821     0.997656        49874       426.67
       3.207     0.998047        49894       512.00
       3.437     0.998242        49904       568.89
       4.111     0.998437        49913       640.00
       4.663     0.998633        49923       731.43
       5.031     0.998828        49933       853.33
       5.371     0.999023        49943      1024.00
       5.447     0.999121        49948      1137.78
       5.567     0.999219        49952      1280.00
       5.779     0.999316        49957      1462.86
       6.091     0.999414        49962      1706.67
       6.263     0.999512        49967      2048.00
       6.463     0.999561        49970      2275.56
       6.671     0.999609        49972      2560.00
       6.755     0.999658        49974      2925.71
       6.983     0.999707        49977      3413.33
       7.591     0.999756        49979      4096.00
       9.103     0.999780        49981      4551.11
       9.143     0.999805        49982      5120.00
       9.335     0.999829        49983      5851.43
       9.487     0.999854        49984      6826.67
       9.583     0.999878        49985      8192.00
       9.951     0.999890        49986      9102.22
      10.623     0.999902        49987     10240.00
      10.623     0.999915        49987     11702.86
      11.191     0.999927        49988     13653.33
      11.191     0.999939        49988     16384.00
      12.767     0.999945        49989     18204.44
      12.767     0.999951        49989     20480.00
      12.767     0.999957        49989     23405.71
      13.127     0.999963        49990     27306.67
      13.127     0.999969        49990     32768.00
      13.127     0.999973        49990     36408.89
      13.127     0.999976        49990     40960.00
      13.127     0.999979        49990     46811.43
      14.279     0.999982        49991     54613.33
      14.279     1.000000        49991          inf
#[Mean    =        0.953, StdDeviation   =        0.381]
#[Max     =       14.272, Total count    =        49991]
#[Buckets =           27, SubBuckets     =         2048]
----------------------------------------------------------
  60000 requests in 1.00m, 3.83MB read
Requests/sec:   1000.01
Transfer/sec:     65.43KB
