./wrk2/wrk -c 128 -d120s -R10000 -s get.lua -L http://localhost:8080
Running 2m test @ http://localhost:8080
  2 threads and 128 connections
  Thread calibration: mean lat.: 2.211ms, rate sampling interval: 10ms
  Thread calibration: mean lat.: 1.968ms, rate sampling interval: 10ms
  Thread Stats   Avg      Stdev     Max   +/- Stdev
    Latency     1.84ms    1.46ms  61.47ms   97.53%
    Req/Sec   329.30    133.61     1.11k    82.59%
  Latency Distribution (HdrHistogram - Recorded Latency)
 50.000%    1.68ms
 75.000%    1.95ms
 90.000%    2.20ms
 99.000%    6.52ms
 99.900%   22.61ms
 99.990%   47.84ms
 99.999%   61.18ms
100.000%   61.50ms

  Detailed Percentile spectrum:
       Value   Percentile   TotalCount 1/(1-Percentile)

       0.844     0.000000            1         1.00
       1.227     0.100000         6886         1.11
       1.364     0.200000        13725         1.25
       1.475     0.300000        20609         1.43
       1.579     0.400000        27467         1.67
       1.681     0.500000        34349         2.00
       1.730     0.550000        37738         2.22
       1.792     0.600000        41162         2.50
       1.846     0.650000        44607         2.86
       1.895     0.700000        48037         3.33
       1.948     0.750000        51446         4.00
       1.988     0.775000        53156         4.44
       2.025     0.800000        54843         5.00
       2.055     0.825000        56659         5.71
       2.091     0.850000        58350         6.67
       2.131     0.875000        60002         8.00
       2.163     0.887500        60866         8.89
       2.197     0.900000        61711        10.00
       2.233     0.912500        62572        11.43
       2.281     0.925000        63424        13.33
       2.339     0.937500        64269        16.00
       2.389     0.943750        64703        17.78
       2.449     0.950000        65127        20.00
       2.537     0.956250        65559        22.86
       2.661     0.962500        65988        26.67
       2.885     0.968750        66410        32.00
       3.053     0.971875        66629        35.56
       3.289     0.975000        66839        40.00
       3.567     0.978125        67053        45.71
       3.961     0.981250        67267        53.33
       4.547     0.984375        67484        64.00
       4.915     0.985938        67588        71.11
       5.423     0.987500        67696        80.00
       6.099     0.989062        67804        91.43
       6.831     0.990625        67911       106.67
       7.687     0.992188        68017       128.00
       8.207     0.992969        68070       142.22
       8.831     0.993750        68124       160.00
       9.447     0.994531        68179       182.86
      10.367     0.995313        68231       213.33
      11.383     0.996094        68286       256.00
      12.223     0.996484        68311       284.44
      12.959     0.996875        68338       320.00
      14.175     0.997266        68366       365.71
      15.695     0.997656        68392       426.67
      16.895     0.998047        68419       512.00
      18.079     0.998242        68432       568.89
      18.863     0.998437        68445       640.00
      20.079     0.998633        68459       731.43
      21.199     0.998828        68472       853.33
      22.799     0.999023        68486      1024.00
      23.791     0.999121        68492      1137.78
      25.087     0.999219        68499      1280.00
      26.175     0.999316        68506      1462.86
      26.735     0.999414        68512      1706.67
      27.535     0.999512        68519      2048.00
      29.071     0.999561        68522      2275.56
      30.879     0.999609        68526      2560.00
      31.967     0.999658        68529      2925.71
      33.023     0.999707        68532      3413.33
      35.967     0.999756        68536      4096.00
      36.063     0.999780        68537      4551.11
      37.407     0.999805        68539      5120.00
      38.655     0.999829        68541      5851.43
      42.591     0.999854        68542      6826.67
      43.743     0.999878        68544      8192.00
      47.839     0.999890        68545      9102.22
      49.535     0.999902        68546     10240.00
      49.855     0.999915        68547     11702.86
      49.855     0.999927        68547     13653.33
      54.335     0.999939        68548     16384.00
      59.583     0.999945        68549     18204.44
      59.583     0.999951        68549     20480.00
      59.711     0.999957        68550     23405.71
      59.711     0.999963        68550     27306.67
      59.711     0.999969        68550     32768.00
      61.183     0.999973        68551     36408.89
      61.183     0.999976        68551     40960.00
      61.183     0.999979        68551     46811.43
      61.183     0.999982        68551     54613.33
      61.183     0.999985        68551     65536.00
      61.503     0.999986        68552     72817.78
      61.503     1.000000        68552          inf
#[Mean    =        1.841, StdDeviation   =        1.463]
#[Max     =       61.472, Total count    =        68552]
#[Buckets =           27, SubBuckets     =         2048]
----------------------------------------------------------
  75785 requests in 2.00m, 4.99MB read
  Socket errors: connect 0, read 0, write 0, timeout 7040
  Non-2xx or 3xx responses: 75785
Requests/sec:    631.50
Transfer/sec:     42.55KB
