Running 30s test @ http://localhost:8081
  4 threads and 4 connections
  Thread calibration: mean lat.: 0.883ms, rate sampling interval: 10ms
  Thread calibration: mean lat.: 0.885ms, rate sampling interval: 10ms
  Thread calibration: mean lat.: 0.870ms, rate sampling interval: 10ms
  Thread calibration: mean lat.: 0.876ms, rate sampling interval: 10ms
  Thread Stats   Avg      Stdev     Max   +/- Stdev
    Latency     1.06ms    1.88ms  63.74ms   97.95%
    Req/Sec   263.07     61.11     1.20k    55.15%
  Latency Distribution (HdrHistogram - Recorded Latency)
 50.000%    0.89ms
 75.000%    1.16ms
 90.000%    1.36ms
 99.000%    6.09ms
 99.900%   34.30ms
 99.990%   56.58ms
 99.999%   63.78ms
100.000%   63.78ms

  Detailed Percentile spectrum:
       Value   Percentile   TotalCount 1/(1-Percentile)

       0.131     0.000000            1         1.00
       0.471     0.100000         2008         1.11
       0.578     0.200000         4003         1.25
       0.692     0.300000         6016         1.43
       0.794     0.400000         8008         1.67
       0.892     0.500000         9997         2.00
       0.947     0.550000        11001         2.22
       1.002     0.600000        11998         2.50
       1.056     0.650000        12997         2.86
       1.105     0.700000        14005         3.33
       1.159     0.750000        14996         4.00
       1.185     0.775000        15510         4.44
       1.216     0.800000        15999         5.00
       1.251     0.825000        16508         5.71
       1.282     0.850000        17004         6.67
       1.318     0.875000        17496         8.00
       1.337     0.887500        17749         8.89
       1.357     0.900000        18009        10.00
       1.376     0.912500        18249        11.43
       1.396     0.925000        18504        13.33
       1.422     0.937500        18745        16.00
       1.435     0.943750        18873        17.78
       1.460     0.950000        18997        20.00
       1.494     0.956250        19120        22.86
       1.547     0.962500        19245        26.67
       1.755     0.968750        19370        32.00
       1.980     0.971875        19432        35.56
       2.313     0.975000        19495        40.00
       2.753     0.978125        19557        45.71
       3.251     0.981250        19621        53.33
       3.969     0.984375        19682        64.00
       4.435     0.985938        19713        71.11
       4.887     0.987500        19745        80.00
       5.627     0.989062        19776        91.43
       6.499     0.990625        19807       106.67
       7.307     0.992188        19838       128.00
       7.687     0.992969        19854       142.22
       8.311     0.993750        19870       160.00
       8.839     0.994531        19885       182.86
       9.471     0.995313        19901       213.33
      10.351     0.996094        19916       256.00
      10.807     0.996484        19924       284.44
      11.319     0.996875        19932       320.00
      11.839     0.997266        19940       365.71
      13.039     0.997656        19948       426.67
      15.143     0.998047        19955       512.00
      17.983     0.998242        19959       568.89
      22.191     0.998437        19963       640.00
      26.207     0.998633        19967       731.43
      31.823     0.998828        19971       853.33
      35.327     0.999023        19975      1024.00
      36.799     0.999121        19977      1137.78
      38.719     0.999219        19979      1280.00
      42.079     0.999316        19981      1462.86
      45.503     0.999414        19983      1706.67
      48.479     0.999512        19985      2048.00
      49.247     0.999561        19986      2275.56
      49.983     0.999609        19987      2560.00
      50.751     0.999658        19988      2925.71
      51.519     0.999707        19989      3413.33
      52.799     0.999756        19990      4096.00
      52.799     0.999780        19990      4551.11
      54.015     0.999805        19991      5120.00
      54.015     0.999829        19991      5851.43
      56.575     0.999854        19992      6826.67
      56.575     0.999878        19992      8192.00
      56.575     0.999890        19992      9102.22
      60.063     0.999902        19993     10240.00
      60.063     0.999915        19993     11702.86
      60.063     0.999927        19993     13653.33
      60.063     0.999939        19993     16384.00
      60.063     0.999945        19993     18204.44
      63.775     0.999951        19994     20480.00
      63.775     1.000000        19994          inf
#[Mean    =        1.064, StdDeviation   =        1.877]
#[Max     =       63.744, Total count    =        19994]
#[Buckets =           27, SubBuckets     =         2048]
----------------------------------------------------------
  30003 requests in 30.00s, 2.86MB read
  Non-2xx or 3xx responses: 30003
Requests/sec:   1000.04
Transfer/sec:     97.77KB
