Running 30s test @ http://localhost:8082
  4 threads and 4 connections
  Thread calibration: mean lat.: 0.938ms, rate sampling interval: 10ms
  Thread calibration: mean lat.: 0.907ms, rate sampling interval: 10ms
  Thread calibration: mean lat.: 0.944ms, rate sampling interval: 10ms
  Thread calibration: mean lat.: 0.911ms, rate sampling interval: 10ms
  Thread Stats   Avg      Stdev     Max   +/- Stdev
    Latency     1.55ms    4.64ms  77.95ms   97.50%
    Req/Sec   264.58     80.94     1.89k    96.14%
  Latency Distribution (HdrHistogram - Recorded Latency)
 50.000%    0.93ms
 75.000%    1.20ms
 90.000%    1.41ms
 99.000%   22.14ms
 99.900%   62.59ms
 99.990%   70.65ms
 99.999%   78.01ms
100.000%   78.01ms

  Detailed Percentile spectrum:
       Value   Percentile   TotalCount 1/(1-Percentile)

       0.137     0.000000            1         1.00
       0.487     0.100000         2003         1.11
       0.605     0.200000         4012         1.25
       0.716     0.300000         6009         1.43
       0.823     0.400000         8015         1.67
       0.927     0.500000        10001         2.00
       0.982     0.550000        11005         2.22
       1.035     0.600000        12008         2.50
       1.085     0.650000        13012         2.86
       1.142     0.700000        14014         3.33
       1.198     0.750000        14999         4.00
       1.229     0.775000        15507         4.44
       1.262     0.800000        16001         5.00
       1.294     0.825000        16508         5.71
       1.333     0.850000        16998         6.67
       1.373     0.875000        17509         8.00
       1.393     0.887500        17755         8.89
       1.413     0.900000        17997        10.00
       1.435     0.912500        18249        11.43
       1.464     0.925000        18500        13.33
       1.514     0.937500        18745        16.00
       1.562     0.943750        18871        17.78
       1.722     0.950000        18995        20.00
       2.233     0.956250        19120        22.86
       3.049     0.962500        19245        26.67
       4.303     0.968750        19370        32.00
       5.115     0.971875        19432        35.56
       6.175     0.975000        19495        40.00
       7.695     0.978125        19557        45.71
       9.447     0.981250        19620        53.33
      12.039     0.984375        19682        64.00
      14.471     0.985938        19713        71.11
      17.615     0.987500        19745        80.00
      19.935     0.989062        19776        91.43
      24.463     0.990625        19807       106.67
      29.551     0.992188        19838       128.00
      33.055     0.992969        19854       142.22
      36.351     0.993750        19870       160.00
      39.839     0.994531        19886       182.86
      43.263     0.995313        19901       213.33
      47.039     0.996094        19916       256.00
      48.575     0.996484        19924       284.44
      49.983     0.996875        19932       320.00
      52.031     0.997266        19940       365.71
      53.695     0.997656        19948       426.67
      56.127     0.998047        19955       512.00
      56.639     0.998242        19959       568.89
      58.975     0.998437        19963       640.00
      59.583     0.998633        19967       731.43
      60.895     0.998828        19971       853.33
      63.007     0.999023        19975      1024.00
      63.103     0.999121        19977      1137.78
      63.711     0.999219        19979      1280.00
      65.503     0.999316        19981      1462.86
      66.431     0.999414        19983      1706.67
      67.007     0.999512        19985      2048.00
      67.199     0.999561        19986      2275.56
      67.647     0.999609        19987      2560.00
      68.543     0.999658        19988      2925.71
      68.735     0.999707        19989      3413.33
      69.183     0.999756        19990      4096.00
      69.183     0.999780        19990      4551.11
      69.759     0.999805        19991      5120.00
      69.759     0.999829        19991      5851.43
      70.655     0.999854        19992      6826.67
      70.655     0.999878        19992      8192.00
      70.655     0.999890        19992      9102.22
      74.239     0.999902        19993     10240.00
      74.239     0.999915        19993     11702.86
      74.239     0.999927        19993     13653.33
      74.239     0.999939        19993     16384.00
      74.239     0.999945        19993     18204.44
      78.015     0.999951        19994     20480.00
      78.015     1.000000        19994          inf
#[Mean    =        1.546, StdDeviation   =        4.636]
#[Max     =       77.952, Total count    =        19994]
#[Buckets =           27, SubBuckets     =         2048]
----------------------------------------------------------
  30004 requests in 30.00s, 2.86MB read
  Non-2xx or 3xx responses: 30004
Requests/sec:   1000.09
Transfer/sec:     97.55KB
