Running 30s test @ http://localhost:8080
  4 threads and 4 connections
  Thread calibration: mean lat.: 1.329ms, rate sampling interval: 10ms
  Thread calibration: mean lat.: 0.955ms, rate sampling interval: 10ms
  Thread calibration: mean lat.: 1.149ms, rate sampling interval: 10ms
  Thread calibration: mean lat.: 1.926ms, rate sampling interval: 10ms
  Thread Stats   Avg      Stdev     Max   +/- Stdev
    Latency     0.89ms  470.52us  18.93ms   86.89%
    Req/Sec   262.24     52.58   500.00     58.77%
  Latency Distribution (HdrHistogram - Recorded Latency)
 50.000%    0.87ms
 75.000%    1.12ms
 90.000%    1.30ms
 99.000%    1.49ms
 99.900%    5.04ms
 99.990%   15.55ms
 99.999%   18.94ms
100.000%   18.94ms

  Detailed Percentile spectrum:
       Value   Percentile   TotalCount 1/(1-Percentile)

       0.179     0.000000            1         1.00
       0.460     0.100000         2005         1.11
       0.572     0.200000         4017         1.25
       0.674     0.300000         6023         1.43
       0.767     0.400000         8010         1.67
       0.866     0.500000         9999         2.00
       0.920     0.550000        10998         2.22
       0.973     0.600000        12011         2.50
       1.025     0.650000        13004         2.86
       1.072     0.700000        14019         3.33
       1.124     0.750000        15011         4.00
       1.149     0.775000        15514         4.44
       1.174     0.800000        15996         5.00
       1.203     0.825000        16511         5.71
       1.235     0.850000        17012         6.67
       1.271     0.875000        17501         8.00
       1.287     0.887500        17745         8.89
       1.304     0.900000        18007        10.00
       1.321     0.912500        18261        11.43
       1.338     0.925000        18498        13.33
       1.357     0.937500        18754        16.00
       1.366     0.943750        18878        17.78
       1.374     0.950000        19003        20.00
       1.384     0.956250        19135        22.86
       1.396     0.962500        19254        26.67
       1.407     0.968750        19371        32.00
       1.415     0.971875        19435        35.56
       1.421     0.975000        19499        40.00
       1.430     0.978125        19560        45.71
       1.443     0.981250        19627        53.33
       1.455     0.984375        19682        64.00
       1.463     0.985938        19713        71.11
       1.469     0.987500        19746        80.00
       1.483     0.989062        19777        91.43
       1.494     0.990625        19808       106.67
       1.512     0.992188        19838       128.00
       1.530     0.992969        19855       142.22
       1.552     0.993750        19870       160.00
       1.630     0.994531        19885       182.86
       1.759     0.995313        19901       213.33
       2.002     0.996094        19916       256.00
       2.131     0.996484        19924       284.44
       2.241     0.996875        19932       320.00
       2.445     0.997266        19940       365.71
       2.611     0.997656        19948       426.67
       2.879     0.998047        19955       512.00
       3.311     0.998242        19959       568.89
       4.035     0.998437        19963       640.00
       4.211     0.998633        19967       731.43
       4.919     0.998828        19971       853.33
       5.387     0.999023        19975      1024.00
       5.815     0.999121        19977      1137.78
       6.923     0.999219        19979      1280.00
       7.835     0.999316        19981      1462.86
       8.607     0.999414        19983      1706.67
       8.983     0.999512        19985      2048.00
      11.423     0.999561        19986      2275.56
      11.967     0.999609        19987      2560.00
      12.367     0.999658        19988      2925.71
      13.071     0.999707        19989      3413.33
      14.015     0.999756        19990      4096.00
      14.015     0.999780        19990      4551.11
      15.543     0.999805        19991      5120.00
      15.543     0.999829        19991      5851.43
      15.551     0.999854        19992      6826.67
      15.551     0.999878        19992      8192.00
      15.551     0.999890        19992      9102.22
      17.231     0.999902        19993     10240.00
      17.231     0.999915        19993     11702.86
      17.231     0.999927        19993     13653.33
      17.231     0.999939        19993     16384.00
      17.231     0.999945        19993     18204.44
      18.943     0.999951        19994     20480.00
      18.943     1.000000        19994          inf
#[Mean    =        0.886, StdDeviation   =        0.471]
#[Max     =       18.928, Total count    =        19994]
#[Buckets =           27, SubBuckets     =         2048]
----------------------------------------------------------
  30004 requests in 30.00s, 2.86MB read
  Non-2xx or 3xx responses: 30004
Requests/sec:   1000.08
Transfer/sec:     97.66KB
