Running 30s test @ http://localhost:8080
  4 threads and 4 connections
  Thread calibration: mean lat.: 1.189ms, rate sampling interval: 10ms
  Thread calibration: mean lat.: 0.905ms, rate sampling interval: 10ms
  Thread calibration: mean lat.: 0.915ms, rate sampling interval: 10ms
  Thread calibration: mean lat.: 1.049ms, rate sampling interval: 10ms
  Thread Stats   Avg      Stdev     Max   +/- Stdev
    Latency     0.95ms    2.17ms  76.42ms   98.49%
    Req/Sec   269.49     59.98   777.00     51.11%
  Latency Distribution (HdrHistogram - Recorded Latency)
 50.000%  790.00us
 75.000%    1.05ms
 90.000%    1.21ms
 99.000%    5.25ms
 99.900%   36.22ms
 99.990%   76.03ms
 99.999%   76.48ms
100.000%   76.48ms

  Detailed Percentile spectrum:
       Value   Percentile   TotalCount 1/(1-Percentile)

       0.118     0.000000            1         1.00
       0.376     0.100000         2004         1.11
       0.480     0.200000         4013         1.25
       0.589     0.300000         6011         1.43
       0.691     0.400000         8006         1.67
       0.790     0.500000         9998         2.00
       0.846     0.550000        11015         2.22
       0.897     0.600000        12017         2.50
       0.951     0.650000        13004         2.86
       1.000     0.700000        14010         3.33
       1.052     0.750000        15016         4.00
       1.075     0.775000        15505         4.44
       1.100     0.800000        16016         5.00
       1.124     0.825000        16498         5.71
       1.152     0.850000        17008         6.67
       1.179     0.875000        17510         8.00
       1.191     0.887500        17746         8.89
       1.208     0.900000        18000        10.00
       1.224     0.912500        18252        11.43
       1.243     0.925000        18511        13.33
       1.260     0.937500        18750        16.00
       1.270     0.943750        18876        17.78
       1.281     0.950000        18996        20.00
       1.294     0.956250        19122        22.86
       1.312     0.962500        19246        26.67
       1.338     0.968750        19374        32.00
       1.354     0.971875        19432        35.56
       1.388     0.975000        19495        40.00
       1.547     0.978125        19557        45.71
       2.243     0.981250        19620        53.33
       2.909     0.984375        19682        64.00
       3.485     0.985938        19713        71.11
       4.025     0.987500        19745        80.00
       4.775     0.989062        19776        91.43
       5.479     0.990625        19807       106.67
       6.523     0.992188        19838       128.00
       6.891     0.992969        19854       142.22
       7.423     0.993750        19870       160.00
       8.095     0.994531        19885       182.86
       8.935     0.995313        19901       213.33
      10.143     0.996094        19916       256.00
      10.903     0.996484        19924       284.44
      11.831     0.996875        19932       320.00
      13.447     0.997266        19940       365.71
      14.631     0.997656        19948       426.67
      16.767     0.998047        19955       512.00
      17.823     0.998242        19959       568.89
      21.247     0.998437        19963       640.00
      24.159     0.998633        19967       731.43
      31.023     0.998828        19971       853.33
      38.943     0.999023        19975      1024.00
      42.431     0.999121        19977      1137.78
      46.943     0.999219        19979      1280.00
      50.271     0.999316        19981      1462.86
      54.719     0.999414        19983      1706.67
      59.231     0.999512        19985      2048.00
      62.975     0.999561        19986      2275.56
      64.959     0.999609        19987      2560.00
      66.879     0.999658        19988      2925.71
      68.863     0.999707        19989      3413.33
      72.255     0.999756        19990      4096.00
      72.255     0.999780        19990      4551.11
      72.767     0.999805        19991      5120.00
      72.767     0.999829        19991      5851.43
      76.031     0.999854        19992      6826.67
      76.031     0.999878        19992      8192.00
      76.031     0.999890        19992      9102.22
      76.095     0.999902        19993     10240.00
      76.095     0.999915        19993     11702.86
      76.095     0.999927        19993     13653.33
      76.095     0.999939        19993     16384.00
      76.095     0.999945        19993     18204.44
      76.479     0.999951        19994     20480.00
      76.479     1.000000        19994          inf
#[Mean    =        0.950, StdDeviation   =        2.174]
#[Max     =       76.416, Total count    =        19994]
#[Buckets =           27, SubBuckets     =         2048]
----------------------------------------------------------
  30004 requests in 30.00s, 2.37MB read
Requests/sec:   1000.08
Transfer/sec:     81.06KB
