Running 30s test @ http://localhost:8081
  4 threads and 4 connections
  Thread calibration: mean lat.: 0.859ms, rate sampling interval: 10ms
  Thread calibration: mean lat.: 0.834ms, rate sampling interval: 10ms
  Thread calibration: mean lat.: 0.835ms, rate sampling interval: 10ms
  Thread calibration: mean lat.: 0.827ms, rate sampling interval: 10ms
  Thread Stats   Avg      Stdev     Max   +/- Stdev
    Latency     1.16ms    3.25ms  88.90ms   97.93%
    Req/Sec   269.35     70.06     1.55k    97.01%
  Latency Distribution (HdrHistogram - Recorded Latency)
 50.000%  815.00us
 75.000%    1.08ms
 90.000%    1.24ms
 99.000%   10.30ms
 99.900%   53.02ms
 99.990%   84.93ms
 99.999%   88.96ms
100.000%   88.96ms

  Detailed Percentile spectrum:
       Value   Percentile   TotalCount 1/(1-Percentile)

       0.171     0.000000            1         1.00
       0.395     0.100000         2020         1.11
       0.499     0.200000         4008         1.25
       0.607     0.300000         5999         1.43
       0.717     0.400000         8014         1.67
       0.815     0.500000        10009         2.00
       0.871     0.550000        11016         2.22
       0.921     0.600000        12014         2.50
       0.973     0.650000        13010         2.86
       1.025     0.700000        14004         3.33
       1.078     0.750000        15003         4.00
       1.104     0.775000        15512         4.44
       1.130     0.800000        16021         5.00
       1.153     0.825000        16509         5.71
       1.179     0.850000        17012         6.67
       1.209     0.875000        17505         8.00
       1.226     0.887500        17756         8.89
       1.243     0.900000        18014        10.00
       1.260     0.912500        18257        11.43
       1.278     0.925000        18511        13.33
       1.303     0.937500        18751        16.00
       1.321     0.943750        18880        17.78
       1.345     0.950000        18997        20.00
       1.397     0.956250        19122        22.86
       1.643     0.962500        19247        26.67
       2.349     0.968750        19373        32.00
       2.743     0.971875        19435        35.56
       3.345     0.975000        19497        40.00
       4.095     0.978125        19559        45.71
       5.295     0.981250        19622        53.33
       6.747     0.984375        19684        64.00
       7.383     0.985938        19715        71.11
       8.151     0.987500        19747        80.00
       9.503     0.989062        19778        91.43
      11.095     0.990625        19809       106.67
      13.135     0.992188        19840       128.00
      13.959     0.992969        19856       142.22
      15.519     0.993750        19872       160.00
      17.823     0.994531        19887       182.86
      20.015     0.995313        19903       213.33
      22.927     0.996094        19918       256.00
      26.255     0.996484        19926       284.44
      29.519     0.996875        19934       320.00
      33.407     0.997266        19942       365.71
      37.567     0.997656        19950       426.67
      40.799     0.998047        19957       512.00
      41.663     0.998242        19961       568.89
      45.439     0.998437        19965       640.00
      46.623     0.998633        19969       731.43
      49.279     0.998828        19973       853.33
      54.463     0.999023        19977      1024.00
      58.239     0.999121        19979      1137.78
      60.607     0.999219        19981      1280.00
      62.687     0.999316        19983      1462.86
      66.559     0.999414        19985      1706.67
      70.335     0.999512        19987      2048.00
      73.535     0.999561        19988      2275.56
      74.047     0.999609        19989      2560.00
      77.439     0.999658        19990      2925.71
      77.759     0.999707        19991      3413.33
      81.215     0.999756        19992      4096.00
      81.215     0.999780        19992      4551.11
      81.471     0.999805        19993      5120.00
      81.471     0.999829        19993      5851.43
      84.927     0.999854        19994      6826.67
      84.927     0.999878        19994      8192.00
      84.927     0.999890        19994      9102.22
      85.183     0.999902        19995     10240.00
      85.183     0.999915        19995     11702.86
      85.183     0.999927        19995     13653.33
      85.183     0.999939        19995     16384.00
      85.183     0.999945        19995     18204.44
      88.959     0.999951        19996     20480.00
      88.959     1.000000        19996          inf
#[Mean    =        1.156, StdDeviation   =        3.252]
#[Max     =       88.896, Total count    =        19996]
#[Buckets =           27, SubBuckets     =         2048]
----------------------------------------------------------
  30004 requests in 30.00s, 2.38MB read
Requests/sec:   1000.09
Transfer/sec:     81.18KB
