Running 2m test @ http://localhost:8080
  4 threads and 4 connections
  Thread calibration: mean lat.: 0.741ms, rate sampling interval: 10ms
  Thread calibration: mean lat.: 0.750ms, rate sampling interval: 10ms
  Thread calibration: mean lat.: 0.746ms, rate sampling interval: 10ms
  Thread calibration: mean lat.: 0.731ms, rate sampling interval: 10ms
  Thread Stats   Avg      Stdev     Max   +/- Stdev
    Latency     1.54ms    5.54ms  91.58ms   97.27%
    Req/Sec   313.96      0.86k    5.00k    88.24%
  Latency Distribution (HdrHistogram - Recorded Latency)
 50.000%  709.00us
 75.000%    1.00ms
 90.000%    1.16ms
 99.000%   37.50ms
 99.900%   58.11ms
 99.990%   71.42ms
 99.999%   86.85ms
100.000%   91.65ms

  Detailed Percentile spectrum:
       Value   Percentile   TotalCount 1/(1-Percentile)

       0.076     0.000000            1         1.00
       0.230     0.100000        13068         1.11
       0.351     0.200000        26114         1.25
       0.471     0.300000        39101         1.43
       0.589     0.400000        52017         1.67
       0.709     0.500000        65037         2.00
       0.767     0.550000        71594         2.22
       0.825     0.600000        78056         2.50
       0.883     0.650000        84614         2.86
       0.941     0.700000        91144         3.33
       0.996     0.750000        97558         4.00
       1.024     0.775000       100864         4.44
       1.050     0.800000       104022         5.00
       1.078     0.825000       107308         5.71
       1.108     0.850000       110550         6.67
       1.136     0.875000       113823         8.00
       1.149     0.887500       115402         8.89
       1.163     0.900000       117044        10.00
       1.186     0.912500       118654        11.43
       1.297     0.925000       120277        13.33
       1.466     0.937500       121912        16.00
       1.565     0.943750       122717        17.78
       1.670     0.950000       123526        20.00
       1.794     0.956250       124340        22.86
       1.965     0.962500       125156        26.67
       4.071     0.968750       125965        32.00
       6.299     0.971875       126370        35.56
       9.247     0.975000       126777        40.00
      13.023     0.978125       127184        45.71
      19.055     0.981250       127589        53.33
      26.607     0.984375       127996        64.00
      30.031     0.985938       128199        71.11
      32.831     0.987500       128404        80.00
      35.583     0.989062       128605        91.43
      38.815     0.990625       128808       106.67
      41.631     0.992188       129012       128.00
      42.975     0.992969       129113       142.22
      44.351     0.993750       129216       160.00
      45.727     0.994531       129316       182.86
      46.783     0.995313       129418       213.33
      48.607     0.996094       129522       256.00
      49.503     0.996484       129575       284.44
      50.335     0.996875       129621       320.00
      51.615     0.997266       129673       365.71
      52.767     0.997656       129723       426.67
      54.335     0.998047       129775       512.00
      55.039     0.998242       129799       568.89
      55.711     0.998437       129825       640.00
      56.447     0.998633       129852       731.43
      57.407     0.998828       129875       853.33
      58.271     0.999023       129901      1024.00
      58.751     0.999121       129913      1137.78
      59.135     0.999219       129927      1280.00
      59.583     0.999316       129941      1462.86
      60.127     0.999414       129952      1706.67
      61.311     0.999512       129964      2048.00
      61.823     0.999561       129970      2275.56
      62.399     0.999609       129977      2560.00
      62.815     0.999658       129983      2925.71
      63.167     0.999707       129989      3413.33
      63.647     0.999756       129996      4096.00
      63.775     0.999780       130000      4551.11
      63.903     0.999805       130002      5120.00
      66.303     0.999829       130005      5851.43
      68.031     0.999854       130008      6826.67
      71.103     0.999878       130012      8192.00
      71.295     0.999890       130013      9102.22
      72.639     0.999902       130015     10240.00
      72.767     0.999915       130016     11702.86
      74.687     0.999927       130018     13653.33
      77.375     0.999939       130020     16384.00
      77.375     0.999945       130020     18204.44
      78.015     0.999951       130021     20480.00
      78.271     0.999957       130022     23405.71
      81.599     0.999963       130023     27306.67
      82.111     0.999969       130024     32768.00
      82.111     0.999973       130024     36408.89
      82.111     0.999976       130024     40960.00
      83.327     0.999979       130025     46811.43
      83.327     0.999982       130025     54613.33
      86.847     0.999985       130026     65536.00
      86.847     0.999986       130026     72817.78
      86.847     0.999988       130026     81920.00
      86.847     0.999989       130026     93622.86
      86.847     0.999991       130026    109226.67
      91.647     0.999992       130027    131072.00
      91.647     1.000000       130027          inf
#[Mean    =        1.541, StdDeviation   =        5.544]
#[Max     =       91.584, Total count    =       130027]
#[Buckets =           27, SubBuckets     =         2048]
----------------------------------------------------------
  230025 requests in 2.00m, 18.43MB read
  Socket errors: connect 4, read 0, write 0, timeout 192
  Non-2xx or 3xx responses: 230025
Requests/sec:   1916.70
Transfer/sec:    157.23KB
